<?xml version="1.0" encoding="UTF-8"?>
<testng-results ignored="0" total="1" passed="1" failed="0" skipped="0">
  <reporter-output>
  </reporter-output>
  <suite started-at="2024-02-20T12:37:50 IST" name="Default suite" finished-at="2024-02-20T12:38:07 IST" duration-ms="17224">
    <groups>
    </groups>
    <test started-at="2024-02-20T12:37:50 IST" name="Default test" finished-at="2024-02-20T12:38:07 IST" duration-ms="17224">
      <class name="Test.Testpet">
        <test-method is-config="true" signature="testbefore()[pri:0, instance:Test.Testpet@593aaf41]" started-at="2024-02-20T12:37:50 IST" name="testbefore" finished-at="2024-02-20T12:37:59 IST" duration-ms="9194" status="PASS">
          <reporter-output>
          </reporter-output>
        </test-method> <!-- testbefore -->
        <test-method signature="testt()[pri:0, instance:Test.Testpet@593aaf41]" started-at="2024-02-20T12:37:59 IST" name="testt" finished-at="2024-02-20T12:38:07 IST" duration-ms="7984" status="PASS">
          <reporter-output>
          </reporter-output>
        </test-method> <!-- testt -->
      </class> <!-- Test.Testpet -->
    </test> <!-- Default test -->
  </suite> <!-- Default suite -->
</testng-results>
